<?xml version="1.0" encoding="UTF-8"?>
<!-- Generated by org.testng.reporters.JUnitXMLReporter -->
<testsuite ignored="0" hostname="Pushp-Samsung" failures="0" tests="10" name="API Tests" time="7.187" errors="0" timestamp="2026-03-24T19:17:43 CDT">
  <testcase classname="api.testcases.UserTest" name="tsetCreateUser" time="2.352"/>
  <testcase classname="api.testcases.UserTest" name="testGetUser" time="0.318"/>
  <testcase classname="api.testcases.UserTest" name="testUpdateUser" time="0.485"/>
  <testcase classname="api.testcases.UserTest" name="testDeleteUser" time="0.246"/>
  <testcase classname="api.testcases.UserTestJson" name="testCreateUser" time="0.477"/>
  <testcase classname="api.testcases.UserTestJson" name="testUpdateUser" time="0.435"/>
  <testcase classname="api.testcases.UserTestJson" name="testDeleteUser" time="0.419"/>
  <testcase classname="api.testcases.PetTestJson" name="testCreatePet" time="0.63"/>
  <testcase classname="api.testcases.PetTestJson" name="testUpdatePet" time="0.471"/>
  <testcase classname="api.testcases.PetTestJson" name="testDeletePet" time="0.46"/>
</testsuite> <!-- API Tests -->
