<?xml version="1.0" encoding="UTF-8"?>
<!-- Generated by org.testng.reporters.JUnitXMLReporter -->
<testsuite ignored="0" hostname="Pushp-Samsung" failures="0" tests="4" name="Default test" time="3.958" errors="0" timestamp="2026-03-24T18:49:19 CDT">
  <testcase classname="api.testcases.UserTest" name="tsetCreateUser" time="2.432"/>
  <testcase classname="api.testcases.UserTest" name="testGetUser" time="0.33"/>
  <testcase classname="api.testcases.UserTest" name="testUpdateUser" time="0.495"/>
  <testcase classname="api.testcases.UserTest" name="testDeleteUser" time="0.203"/>
</testsuite> <!-- Default test -->
