<?xml version="1.0" encoding="UTF-8"?>
<!-- Generated by org.testng.reporters.JUnitXMLReporter -->
<testsuite ignored="0" hostname="Pushp-Samsung" failures="0" tests="10" name="Test" time="9.552" errors="0" timestamp="2026-03-24T18:52:48 CDT">
  <testcase classname="api.testcases.UserTest" name="tsetCreateUser" time="2.626"/>
  <testcase classname="api.testcases.UserTest" name="testGetUser" time="0.356"/>
  <testcase classname="api.testcases.UserTest" name="testUpdateUser" time="0.857"/>
  <testcase classname="api.testcases.UserTest" name="testDeleteUser" time="0.349"/>
  <testcase classname="api.testcases.UserTestJson" name="testCreateUser" time="0.517"/>
  <testcase classname="api.testcases.UserTestJson" name="testUpdateUser" time="0.483"/>
  <testcase classname="api.testcases.UserTestJson" name="testDeleteUser" time="0.465"/>
  <testcase classname="api.testcases.PetTestJson" name="testCreatePet" time="0.746"/>
  <testcase classname="api.testcases.PetTestJson" name="testUpdatePet" time="1.295"/>
  <testcase classname="api.testcases.PetTestJson" name="testDeletePet" time="1.168"/>
</testsuite> <!-- Test -->
