<?xml version="1.0" encoding="UTF-8"?>
<!-- Generated by org.testng.reporters.JUnitXMLReporter -->
<testsuite ignored="0" hostname="Pushp-Samsung" failures="0" tests="10" name="API Tests" time="9.372" errors="0" timestamp="2026-03-24T20:16:17 CDT">
  <testcase classname="api.testcases.UserTest" name="tsetCreateUser" time="3.028"/>
  <testcase classname="api.testcases.UserTest" name="testGetUser" time="0.4"/>
  <testcase classname="api.testcases.UserTest" name="testUpdateUser" time="0.619"/>
  <testcase classname="api.testcases.UserTest" name="testDeleteUser" time="0.811"/>
  <testcase classname="api.testcases.UserTestJson" name="testCreateUser" time="0.688"/>
  <testcase classname="api.testcases.UserTestJson" name="testUpdateUser" time="0.568"/>
  <testcase classname="api.testcases.UserTestJson" name="testDeleteUser" time="0.601"/>
  <testcase classname="api.testcases.PetTestJson" name="testCreatePet" time="0.696"/>
  <testcase classname="api.testcases.PetTestJson" name="testUpdatePet" time="0.631"/>
  <testcase classname="api.testcases.PetTestJson" name="testDeletePet" time="0.521"/>
</testsuite> <!-- API Tests -->
