<?xml version="1.0" encoding="UTF-8"?>
<testng-results ignored="0" total="10" passed="10" failed="0" skipped="0">
  <reporter-output>
  </reporter-output>
  <suite started-at="2026-03-24T19:17:36 CDT" name="RestAssured Suite" finished-at="2026-03-24T19:17:43 CDT" duration-ms="7187">
    <groups>
    </groups>
    <test started-at="2026-03-24T19:17:36 CDT" name="API Tests" finished-at="2026-03-24T19:17:43 CDT" duration-ms="7187">
      <class name="api.testcases.UserTestJson">
        <test-method signature="testCreateUser()[pri:1, instance:api.testcases.UserTestJson@26794848]" started-at="2026-03-24T19:17:40 CDT" name="testCreateUser" finished-at="2026-03-24T19:17:41 CDT" duration-ms="477" status="PASS">
          <reporter-output>
          </reporter-output>
        </test-method> <!-- testCreateUser -->
        <test-method signature="testUpdateUser()[pri:2, instance:api.testcases.UserTestJson@26794848]" started-at="2026-03-24T19:17:41 CDT" name="testUpdateUser" finished-at="2026-03-24T19:17:41 CDT" duration-ms="435" status="PASS">
          <reporter-output>
          </reporter-output>
        </test-method> <!-- testUpdateUser -->
        <test-method signature="testDeleteUser()[pri:3, instance:api.testcases.UserTestJson@26794848]" started-at="2026-03-24T19:17:41 CDT" name="testDeleteUser" finished-at="2026-03-24T19:17:42 CDT" duration-ms="419" status="PASS">
          <reporter-output>
          </reporter-output>
        </test-method> <!-- testDeleteUser -->
      </class> <!-- api.testcases.UserTestJson -->
      <class name="api.testcases.UserTest">
        <test-method is-config="true" signature="generateTestData()[pri:0, instance:api.testcases.UserTest@3bf7ca37]" started-at="2026-03-24T19:17:36 CDT" name="generateTestData" finished-at="2026-03-24T19:17:37 CDT" duration-ms="612" status="PASS">
          <reporter-output>
          </reporter-output>
        </test-method> <!-- generateTestData -->
        <test-method signature="tsetCreateUser()[pri:1, instance:api.testcases.UserTest@3bf7ca37]" started-at="2026-03-24T19:17:37 CDT" name="tsetCreateUser" finished-at="2026-03-24T19:17:39 CDT" duration-ms="2352" status="PASS">
          <reporter-output>
          </reporter-output>
        </test-method> <!-- tsetCreateUser -->
        <test-method signature="testGetUser()[pri:2, instance:api.testcases.UserTest@3bf7ca37]" started-at="2026-03-24T19:17:39 CDT" name="testGetUser" finished-at="2026-03-24T19:17:40 CDT" duration-ms="318" status="PASS">
          <reporter-output>
          </reporter-output>
        </test-method> <!-- testGetUser -->
        <test-method signature="testUpdateUser()[pri:3, instance:api.testcases.UserTest@3bf7ca37]" started-at="2026-03-24T19:17:40 CDT" name="testUpdateUser" finished-at="2026-03-24T19:17:40 CDT" duration-ms="485" status="PASS">
          <reporter-output>
          </reporter-output>
        </test-method> <!-- testUpdateUser -->
        <test-method signature="testDeleteUser()[pri:4, instance:api.testcases.UserTest@3bf7ca37]" started-at="2026-03-24T19:17:40 CDT" name="testDeleteUser" finished-at="2026-03-24T19:17:40 CDT" duration-ms="246" status="PASS">
          <reporter-output>
          </reporter-output>
        </test-method> <!-- testDeleteUser -->
      </class> <!-- api.testcases.UserTest -->
      <class name="api.testcases.PetTestJson">
        <test-method is-config="true" signature="beforeClass()[pri:0, instance:api.testcases.PetTestJson@302552ec]" started-at="2026-03-24T19:17:42 CDT" name="beforeClass" finished-at="2026-03-24T19:17:42 CDT" duration-ms="1" status="PASS">
          <reporter-output>
          </reporter-output>
        </test-method> <!-- beforeClass -->
        <test-method signature="testCreatePet()[pri:1, instance:api.testcases.PetTestJson@302552ec]" started-at="2026-03-24T19:17:42 CDT" name="testCreatePet" finished-at="2026-03-24T19:17:42 CDT" duration-ms="630" status="PASS">
          <reporter-output>
          </reporter-output>
        </test-method> <!-- testCreatePet -->
        <test-method signature="testUpdatePet()[pri:2, instance:api.testcases.PetTestJson@302552ec]" started-at="2026-03-24T19:17:42 CDT" name="testUpdatePet" finished-at="2026-03-24T19:17:43 CDT" duration-ms="471" status="PASS">
          <reporter-output>
          </reporter-output>
        </test-method> <!-- testUpdatePet -->
        <test-method signature="testDeletePet()[pri:3, instance:api.testcases.PetTestJson@302552ec]" started-at="2026-03-24T19:17:43 CDT" name="testDeletePet" finished-at="2026-03-24T19:17:43 CDT" duration-ms="460" status="PASS">
          <reporter-output>
          </reporter-output>
        </test-method> <!-- testDeletePet -->
      </class> <!-- api.testcases.PetTestJson -->
    </test> <!-- API Tests -->
  </suite> <!-- RestAssured Suite -->
</testng-results>
