<?xml version="1.0" encoding="UTF-8"?>
<!-- Generated by org.testng.reporters.JUnitReportReporter -->
<testsuite hostname="Pushp-Samsung" failures="0" tests="4" name="api.testcases.UserTest" time="3.401" errors="0" timestamp="2026-03-24T19:17:44 CDT" skipped="0">
  <testcase classname="api.testcases.UserTest" name="tsetCreateUser" time="2.352"/>
  <testcase classname="api.testcases.UserTest" name="testGetUser" time="0.318"/>
  <testcase classname="api.testcases.UserTest" name="testUpdateUser" time="0.485"/>
  <testcase classname="api.testcases.UserTest" name="testDeleteUser" time="0.246"/>
</testsuite> <!-- api.testcases.UserTest -->
