<?xml version="1.0" encoding="UTF-8"?>
<!-- Generated by org.testng.reporters.JUnitReportReporter -->
<testsuite hostname="Pushp-Samsung" failures="0" tests="3" name="api.testcases.UserTestJson" time="1.331" errors="0" timestamp="2026-03-24T19:17:44 CDT" skipped="0">
  <testcase classname="api.testcases.UserTestJson" name="testCreateUser" time="0.477"/>
  <testcase classname="api.testcases.UserTestJson" name="testUpdateUser" time="0.435"/>
  <testcase classname="api.testcases.UserTestJson" name="testDeleteUser" time="0.419"/>
</testsuite> <!-- api.testcases.UserTestJson -->
