<?xml version="1.0" encoding="UTF-8"?>
<!-- Generated by org.testng.reporters.JUnitReportReporter -->
<testsuite hostname="Pushp-Samsung" failures="0" tests="3" name="api.testcases.UserTestJson" time="1.857" errors="0" timestamp="2026-03-24T20:16:17 CDT" skipped="0">
  <testcase classname="api.testcases.UserTestJson" name="testCreateUser" time="0.688"/>
  <testcase classname="api.testcases.UserTestJson" name="testUpdateUser" time="0.568"/>
  <testcase classname="api.testcases.UserTestJson" name="testDeleteUser" time="0.601"/>
</testsuite> <!-- api.testcases.UserTestJson -->
