<?xml version="1.0" encoding="UTF-8"?>
<!-- Generated by org.testng.reporters.JUnitReportReporter -->
<testsuite hostname="Pushp-Samsung" failures="0" tests="4" name="api.testcases.UserTest" time="4.858" errors="0" timestamp="2026-03-24T20:16:17 CDT" skipped="0">
  <testcase classname="api.testcases.UserTest" name="tsetCreateUser" time="3.028"/>
  <testcase classname="api.testcases.UserTest" name="testGetUser" time="0.400"/>
  <testcase classname="api.testcases.UserTest" name="testUpdateUser" time="0.619"/>
  <testcase classname="api.testcases.UserTest" name="testDeleteUser" time="0.811"/>
</testsuite> <!-- api.testcases.UserTest -->
