<?xml version="1.0" encoding="UTF-8"?>
<!-- Generated by org.testng.reporters.JUnitReportReporter -->
<testsuite hostname="Pushp-Samsung" failures="0" tests="3" name="api.testcases.PetTestJson" time="1.848" errors="0" timestamp="2026-03-24T20:16:17 CDT" skipped="0">
  <testcase classname="api.testcases.PetTestJson" name="testCreatePet" time="0.696"/>
  <testcase classname="api.testcases.PetTestJson" name="testUpdatePet" time="0.631"/>
  <testcase classname="api.testcases.PetTestJson" name="testDeletePet" time="0.521"/>
</testsuite> <!-- api.testcases.PetTestJson -->
